<?xml version="1.0" encoding="UTF-8"?>
<testsuite name="TestExtensionsOnCollections" tests="1" skipped="0" failures="0" errors="0" timestamp="2019-01-19T19:29:32" hostname="DESKTOP-VK3G380" time="0.018">
  <properties/>
  <testcase name="testSort" classname="TestExtensionsOnCollections" time="0.018"/>
  <system-out><![CDATA[]]></system-out>
  <system-err><![CDATA[]]></system-err>
</testsuite>
