<?xml version="1.0" encoding="UTF-8"?>
<testsuite name="TestSmartCasts" tests="3" skipped="0" failures="0" errors="0" timestamp="2019-01-19T18:59:56" hostname="DESKTOP-VK3G380" time="0.004">
  <properties/>
  <testcase name="testNum" classname="TestSmartCasts" time="0.003"/>
  <testcase name="testSum" classname="TestSmartCasts" time="0.0"/>
  <testcase name="testRecursion" classname="TestSmartCasts" time="0.0"/>
  <system-out><![CDATA[]]></system-out>
  <system-err><![CDATA[]]></system-err>
</testsuite>
