<?xml version="1.0" encoding="UTF-8"?>
<testsuite name="TestSamConversions" tests="1" skipped="0" failures="0" errors="0" timestamp="2019-01-19T19:27:56" hostname="DESKTOP-VK3G380" time="0.016">
  <properties/>
  <testcase name="testSort" classname="TestSamConversions" time="0.016"/>
  <system-out><![CDATA[]]></system-out>
  <system-err><![CDATA[]]></system-err>
</testsuite>
