<?xml version="1.0" encoding="UTF-8"?>
<testsuite name="TestObjectExpressions" tests="1" skipped="0" failures="0" errors="0" timestamp="2019-01-19T19:26:52" hostname="DESKTOP-VK3G380" time="0.019">
  <properties/>
  <testcase name="testSort" classname="TestObjectExpressions" time="0.019"/>
  <system-out><![CDATA[]]></system-out>
  <system-err><![CDATA[]]></system-err>
</testsuite>
