<?xml version="1.0" encoding="UTF-8"?>
<testsuite name="TestExtensionFunctions" tests="2" skipped="0" failures="0" errors="0" timestamp="2019-01-19T19:18:34" hostname="DESKTOP-VK3G380" time="0.004">
  <properties/>
  <testcase name="testPairExtension" classname="TestExtensionFunctions" time="0.004"/>
  <testcase name="testIntExtension" classname="TestExtensionFunctions" time="0.0"/>
  <system-out><![CDATA[]]></system-out>
  <system-err><![CDATA[]]></system-err>
</testsuite>
